[debug] [2022-12-31T19:43:45.957Z] ----------------------------------------------------------------------
[debug] [2022-12-31T19:43:45.958Z] Command:       /opt/homebrew/Cellar/node@14/14.20.0/bin/node /opt/homebrew/bin/firebase init
[debug] [2022-12-31T19:43:45.958Z] CLI Version:   11.19.0
[debug] [2022-12-31T19:43:45.958Z] Platform:      darwin
[debug] [2022-12-31T19:43:45.958Z] Node Version:  v14.20.0
[debug] [2022-12-31T19:43:45.958Z] Time:          Sat Dec 31 2022 13:43:45 GMT-0600 (Central Standard Time)
[debug] [2022-12-31T19:43:45.958Z] ----------------------------------------------------------------------
[debug] 
[debug] [2022-12-31T19:43:45.960Z] > command requires scopes: ["email","openid","https://www.googleapis.com/auth/cloudplatformprojects.readonly","https://www.googleapis.com/auth/firebase","https://www.googleapis.com/auth/cloud-platform"]
[debug] [2022-12-31T19:43:45.961Z] > authorizing via signed-in user (milesokamoto@gmail.com)
[info] 
     ######## #### ########  ######## ########     ###     ######  ########
     ##        ##  ##     ## ##       ##     ##  ##   ##  ##       ##
     ######    ##  ########  ######   ########  #########  ######  ######
     ##        ##  ##    ##  ##       ##     ## ##     ##       ## ##
     ##       #### ##     ## ######## ########  ##     ##  ######  ########

You're about to initialize a Firebase project in this directory:

  /Users/mokamoto/milesokamoto

[info] 
=== Project Setup
[info] 
[info] First, let's associate this project directory with a Firebase project.
[info] You can create multiple project aliases by running firebase use --add, 
[info] but for now we'll just set up a default project.
[info] 
[debug] [2022-12-31T19:43:50.306Z] >>> [apiv2][query] GET https://firebase.googleapis.com/v1beta1/projects pageSize=100
[debug] [2022-12-31T19:43:50.614Z] <<< [apiv2][status] GET https://firebase.googleapis.com/v1beta1/projects 200
[debug] [2022-12-31T19:43:50.615Z] <<< [apiv2][body] GET https://firebase.googleapis.com/v1beta1/projects [omitted]
[info] i  Using project milesokamoto-a6bb5 (milesokamoto) 
[info] 
=== Hosting Setup
[info] 
[info] Your public directory is the folder (relative to your project directory) that
[info] will contain Hosting assets to be uploaded with firebase deploy. If you
[info] have a build process for your assets, use your build's output directory.
[info] 
[debug] [2022-12-31T19:44:56.125Z] >>> [apiv2][query] GET https://www.gstatic.com/firebasejs/releases.json [none]
[debug] [2022-12-31T19:44:56.187Z] <<< [apiv2][status] GET https://www.gstatic.com/firebasejs/releases.json 200
[debug] [2022-12-31T19:44:56.187Z] <<< [apiv2][body] GET https://www.gstatic.com/firebasejs/releases.json {"current":{"version":"9.15.0","browserURL":"https://www.gstatic.com/firebasejs/9.15.0/firebase.js","packageURL":"https://www.gstatic.com/firebasejs/9.15.0/firebase.tgz"},"live":{"version":"9.15","browserURL":"https://www.gstatic.com/firebasejs/live/9.15/firebase.js","packageURL":"https://www.gstatic.com/firebasejs/live/9.15/firebase.tgz"},"components":{"analytics":"https://www.gstatic.com/firebasejs/9.15.0/firebase-analytics.js","app":"https://www.gstatic.com/firebasejs/9.15.0/firebase-app.js","app-check":"https://www.gstatic.com/firebasejs/9.15.0/firebase-app-check.js","auth":"https://www.gstatic.com/firebasejs/9.15.0/firebase-auth.js","auth/cordova":"https://www.gstatic.com/firebasejs/9.15.0/firebase-auth/cordova.js","auth/react-native":"https://www.gstatic.com/firebasejs/9.15.0/firebase-auth/react-native.js","functions":"https://www.gstatic.com/firebasejs/9.15.0/firebase-functions.js","firestore":"https://www.gstatic.com/firebasejs/9.15.0/firebase-firestore.js","firestore/lite":"https://www.gstatic.com/firebasejs/9.15.0/firebase-firestore/lite.js","installations":"https://www.gstatic.com/firebasejs/9.15.0/firebase-installations.js","storage":"https://www.gstatic.com/firebasejs/9.15.0/firebase-storage.js","performance":"https://www.gstatic.com/firebasejs/9.15.0/firebase-performance.js","remote-config":"https://www.gstatic.com/firebasejs/9.15.0/firebase-remote-config.js","messaging":"https://www.gstatic.com/firebasejs/9.15.0/firebase-messaging.js","messaging/sw":"https://www.gstatic.com/firebasejs/9.15.0/firebase-messaging/sw.js","database":"https://www.gstatic.com/firebasejs/9.15.0/firebase-database.js","firestore.memory":"https://www.gstatic.com/firebasejs/9.15.0/firebase-firestore.memory.js"}}
[info] i  Skipping write of public/index.html 
[info] 
[info] i  Detected a .git folder at /Users/mokamoto/milesokamoto 
[info] i  Authorizing with GitHub to upload your service account to a GitHub repository's secrets store. 
[info] 
[info] Visit this URL on this device to log in:
[info] https://github.com/login/oauth/authorize?client_id=89cf50f02ac6aaed3484&state=470001562&redirect_uri=http%3A%2F%2Flocalhost%3A9005&scope=read%3Auser%20repo%20public_repo
[info] 
[info] Waiting for authentication...
[debug] [2022-12-31T19:45:34.828Z] >>> [apiv2][query] POST https://github.com/login/oauth/access_token [none]
[debug] [2022-12-31T19:45:34.828Z] >>> [apiv2][body] POST https://github.com/login/oauth/access_token [stream]
[debug] [2022-12-31T19:45:35.060Z] <<< [apiv2][status] POST https://github.com/login/oauth/access_token 200
[debug] [2022-12-31T19:45:35.060Z] <<< [apiv2][body] POST https://github.com/login/oauth/access_token {"access_token":"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","token_type":"bearer","scope":"read:user,repo"}
[debug] [2022-12-31T19:45:35.065Z] >>> [apiv2][query] GET https://api.github.com/user [none]
[debug] [2022-12-31T19:45:35.337Z] <<< [apiv2][status] GET https://api.github.com/user 200
[debug] [2022-12-31T19:45:35.337Z] <<< [apiv2][body] GET https://api.github.com/user {"login":"milesokamoto","id":48659623,"node_id":"MDQ6VXNlcjQ4NjU5NjIz","avatar_url":"https://avatars.githubusercontent.com/u/48659623?v=4","gravatar_id":"","url":"https://api.github.com/users/milesokamoto","html_url":"https://github.com/milesokamoto","followers_url":"https://api.github.com/users/milesokamoto/followers","following_url":"https://api.github.com/users/milesokamoto/following{/other_user}","gists_url":"https://api.github.com/users/milesokamoto/gists{/gist_id}","starred_url":"https://api.github.com/users/milesokamoto/starred{/owner}{/repo}","subscriptions_url":"https://api.github.com/users/milesokamoto/subscriptions","organizations_url":"https://api.github.com/users/milesokamoto/orgs","repos_url":"https://api.github.com/users/milesokamoto/repos","events_url":"https://api.github.com/users/milesokamoto/events{/privacy}","received_events_url":"https://api.github.com/users/milesokamoto/received_events","type":"User","site_admin":false,"name":"Miles Okamoto","company":"@texasbaseball ","blog":"milesokamoto.com","location":"Austin, TX","email":null,"hireable":null,"bio":"R&D Student Intern @texasbaseball ","twitter_username":"milesokamoto","public_repos":10,"public_gists":1,"followers":5,"following":12,"created_at":"2019-03-17T22:21:22Z","updated_at":"2022-12-22T23:04:51Z","private_gists":1,"total_private_repos":19,"owned_private_repos":19,"disk_usage":1436672,"collaborators":7,"two_factor_authentication":false,"plan":{"name":"free","space":976562499,"collaborators":0,"private_repos":10000}}
[info] 
[info] ✔  Success! Logged into GitHub as milesokamoto 
[info] 
